<testsuites id="" name="" tests="10" failures="0" skipped="0" errors="0" time="12.505571">
<testsuite name="e2e\ar-calling.spec.ts" timestamp="2026-07-01T13:44:02.112Z" hostname="chromium" tests="1" failures="0" skipped="0" time="2.639" errors="0">
<testcase name="AR Calling Module › @smoke AR Calling page loads with pre-seeded calls" classname="e2e\ar-calling.spec.ts" time="2.639">
</testcase>
</testsuite>
<testsuite name="e2e\claims-management.spec.ts" timestamp="2026-07-01T13:44:02.112Z" hostname="chromium" tests="1" failures="0" skipped="0" time="0.867" errors="0">
<testcase name="Claims Management Module › @smoke Claims page loads with pre-seeded claims" classname="e2e\claims-management.spec.ts" time="0.867">
</testcase>
</testsuite>
<testsuite name="e2e\dashboard.spec.ts" timestamp="2026-07-01T13:44:02.112Z" hostname="chromium" tests="3" failures="0" skipped="0" time="1.978" errors="0">
<testcase name="Dashboard Module › @smoke Dashboard loads with all stat cards" classname="e2e\dashboard.spec.ts" time="0.541">
</testcase>
<testcase name="Dashboard Module › @smoke Dashboard shows correct initial patient count" classname="e2e\dashboard.spec.ts" time="0.642">
</testcase>
<testcase name="Dashboard Module › @smoke Dashboard activity table has 4 module rows" classname="e2e\dashboard.spec.ts" time="0.795">
</testcase>
</testsuite>
<testsuite name="e2e\denial-management.spec.ts" timestamp="2026-07-01T13:44:02.112Z" hostname="chromium" tests="2" failures="0" skipped="0" time="1.202" errors="0">
<testcase name="Denial Management Module › @smoke Denial management page loads with pre-seeded denials" classname="e2e\denial-management.spec.ts" time="0.633">
</testcase>
<testcase name="Denial Management Module › @smoke Seeded denied claim CLM-2024-003 exists" classname="e2e\denial-management.spec.ts" time="0.569">
</testcase>
</testsuite>
<testsuite name="e2e\insurance-verification.spec.ts" timestamp="2026-07-01T13:44:02.112Z" hostname="chromium" tests="1" failures="0" skipped="0" time="0.593" errors="0">
<testcase name="Insurance Verification Module › @smoke Insurance verification page loads" classname="e2e\insurance-verification.spec.ts" time="0.593">
</testcase>
</testsuite>
<testsuite name="e2e\patient-registration.spec.ts" timestamp="2026-07-01T13:44:02.112Z" hostname="chromium" tests="1" failures="0" skipped="0" time="0.625" errors="0">
<testcase name="Patient Registration Module › @smoke Patient list page loads with pre-seeded data" classname="e2e\patient-registration.spec.ts" time="0.625">
</testcase>
</testsuite>
<testsuite name="e2e\payment-posting.spec.ts" timestamp="2026-07-01T13:44:02.112Z" hostname="chromium" tests="1" failures="0" skipped="0" time="0.566" errors="0">
<testcase name="Payment Posting Module › @smoke Payment posting page loads" classname="e2e\payment-posting.spec.ts" time="0.566">
</testcase>
</testsuite>
</testsuites>